ShreeSwamipath/app/build/intermediates/manifest_merge_blame_file/release/manifest-merger-blame-release-report.txt
1<?xml version="1.0" encoding="utf-8"?>
2<manifest xmlns:android="http://schemas.android.com/apk/res/android"
3    package="nitin.sangale.shreeswamipath"
4    android:versionCode="9"
5    android:versionName="6.1" >
6
7    <uses-sdk
8        android:minSdkVersion="14"
8-->src\main\AndroidManifest.xml
9        android:targetSdkVersion="29" />
9-->src\main\AndroidManifest.xml
10
11    <application
11-->src\main\AndroidManifest.xml:7:5-30:18
12        android:name="android.support.multidex.MultiDexApplication"
13        android:allowBackup="true"
13-->src\main\AndroidManifest.xml:8:9-35
14        android:icon="@drawable/ic_launcher"
14-->src\main\AndroidManifest.xml:9:9-45
15        android:label="@string/app_name"
15-->src\main\AndroidManifest.xml:10:9-41
16        android:theme="@android:style/Theme.NoTitleBar.Fullscreen" >
16-->src\main\AndroidManifest.xml:11:9-67
17        <activity
17-->src\main\AndroidManifest.xml:12:9-21:20
18            android:name="nitin.sangale.shreeswamipath.MainActivity"
18-->src\main\AndroidManifest.xml:13:13-69
19            android:label="@string/app_name"
19-->src\main\AndroidManifest.xml:14:13-45
20            android:screenOrientation="portrait" >
20-->src\main\AndroidManifest.xml:15:13-49
21            <intent-filter>
21-->src\main\AndroidManifest.xml:16:13-20:29
22                <action android:name="android.intent.action.MAIN" />
22-->src\main\AndroidManifest.xml:17:17-69
22-->src\main\AndroidManifest.xml:17:25-66
23
24                <category android:name="android.intent.category.LAUNCHER" />
24-->src\main\AndroidManifest.xml:19:17-77
24-->src\main\AndroidManifest.xml:19:27-74
25            </intent-filter>
26        </activity>
27        <activity
27-->src\main\AndroidManifest.xml:22:9-25:20
28            android:name="nitin.sangale.shreeswamipath.BookIndex"
28-->src\main\AndroidManifest.xml:23:13-66
29            android:label="@string/title_activity_book_index"
29-->src\main\AndroidManifest.xml:24:13-62
30            android:screenOrientation="portrait" >
30-->src\main\AndroidManifest.xml:24:63-99
31        </activity>
32        <activity
32-->src\main\AndroidManifest.xml:26:9-29:20
33            android:name="nitin.sangale.shreeswamipath.Book"
33-->src\main\AndroidManifest.xml:27:13-61
34            android:label="@string/title_activity_book"
34-->src\main\AndroidManifest.xml:28:13-56
35            android:screenOrientation="portrait" >
35-->src\main\AndroidManifest.xml:28:57-93
36        </activity>
37    </application>
38
39</manifest>